2026-01-26 12:58:54,967 INFO o.a.j.u.JMeterUtils: Setting Locale to en_EN
2026-01-26 12:58:54,982 INFO o.a.j.JMeter: Loading user properties from: D:\KiemThuPhanMem\tools\apache-jmeter-5.6.3\bin\user.properties
2026-01-26 12:58:54,983 INFO o.a.j.JMeter: Loading system properties from: D:\KiemThuPhanMem\tools\apache-jmeter-5.6.3\bin\system.properties
2026-01-26 12:58:54,990 INFO o.a.j.JMeter: Copyright (c) 1998-2024 The Apache Software Foundation
2026-01-26 12:58:54,990 INFO o.a.j.JMeter: Version 5.6.3
2026-01-26 12:58:54,990 INFO o.a.j.JMeter: java.version=25.0.2
2026-01-26 12:58:54,990 INFO o.a.j.JMeter: java.vm.name=OpenJDK 64-Bit Server VM
2026-01-26 12:58:54,990 INFO o.a.j.JMeter: os.name=Windows 11
2026-01-26 12:58:54,990 INFO o.a.j.JMeter: os.arch=amd64
2026-01-26 12:58:54,990 INFO o.a.j.JMeter: os.version=10.0
2026-01-26 12:58:54,990 INFO o.a.j.JMeter: file.encoding=UTF-8
2026-01-26 12:58:54,991 INFO o.a.j.JMeter: java.awt.headless=true
2026-01-26 12:58:54,991 INFO o.a.j.JMeter: Max memory     =1073741824
2026-01-26 12:58:54,991 INFO o.a.j.JMeter: Available Processors =16
2026-01-26 12:58:55,003 INFO o.a.j.JMeter: Default Locale=English (EN)
2026-01-26 12:58:55,004 INFO o.a.j.JMeter: JMeter  Locale=English (EN)
2026-01-26 12:58:55,004 INFO o.a.j.JMeter: JMeterHome=D:\KiemThuPhanMem\tools\apache-jmeter-5.6.3
2026-01-26 12:58:55,004 INFO o.a.j.JMeter: user.dir  =D:\KiemThuPhanMem\BaiChuong4\jmeter
2026-01-26 12:58:55,005 INFO o.a.j.JMeter: PWD       =D:\KiemThuPhanMem\BaiChuong4\jmeter
2026-01-26 12:58:55,005 INFO o.a.j.JMeter: IP: 172.17.154.187 Name: Zephyrus FullName: Zephyrus
2026-01-26 12:58:55,016 INFO o.a.j.s.FileServer: Default base='D:\KiemThuPhanMem\BaiChuong4\jmeter'
2026-01-26 12:58:55,016 INFO o.a.j.s.FileServer: Set new base='d:\KiemThuPhanMem\BaiChuong4\jmeter'
2026-01-26 12:58:55,217 INFO o.a.j.s.SaveService: Testplan (JMX) version: 2.2. Testlog (JTL) version: 2.2
2026-01-26 12:58:55,235 INFO o.a.j.s.SaveService: Using SaveService properties version 5.0
2026-01-26 12:58:55,238 INFO o.a.j.s.SaveService: Using SaveService properties file encoding UTF-8
2026-01-26 12:58:55,241 INFO o.a.j.s.SaveService: Loading file: d:\KiemThuPhanMem\BaiChuong4\jmeter\test_plan.jmx
2026-01-26 12:58:55,286 INFO o.a.j.p.h.s.HTTPSamplerBase: Parser for text/html is org.apache.jmeter.protocol.http.parser.LagartoBasedHtmlParser
2026-01-26 12:58:55,286 INFO o.a.j.p.h.s.HTTPSamplerBase: Parser for application/xhtml+xml is org.apache.jmeter.protocol.http.parser.LagartoBasedHtmlParser
2026-01-26 12:58:55,287 INFO o.a.j.p.h.s.HTTPSamplerBase: Parser for application/xml is org.apache.jmeter.protocol.http.parser.LagartoBasedHtmlParser
2026-01-26 12:58:55,287 INFO o.a.j.p.h.s.HTTPSamplerBase: Parser for text/xml is org.apache.jmeter.protocol.http.parser.LagartoBasedHtmlParser
2026-01-26 12:58:55,287 INFO o.a.j.p.h.s.HTTPSamplerBase: Parser for text/vnd.wap.wml is org.apache.jmeter.protocol.http.parser.RegexpHTMLParser
2026-01-26 12:58:55,287 INFO o.a.j.p.h.s.HTTPSamplerBase: Parser for text/css is org.apache.jmeter.protocol.http.parser.CssParser
2026-01-26 12:58:55,312 INFO o.a.j.JMeter: Creating summariser <summary>
2026-01-26 12:58:55,323 INFO o.a.j.e.StandardJMeterEngine: Running the test!
2026-01-26 12:58:55,323 INFO o.a.j.s.SampleEvent: List of sample_variables: []
2026-01-26 12:58:55,323 INFO o.a.j.s.SampleEvent: List of sample_variables: []
2026-01-26 12:58:55,327 INFO o.a.j.e.u.CompoundVariable: Note: Function class names must contain the string: '.functions.'
2026-01-26 12:58:55,327 INFO o.a.j.e.u.CompoundVariable: Note: Function class names must not contain the string: '.gui.'
2026-01-26 12:58:55,385 INFO o.a.j.JMeter: Running test (1769407135385)
2026-01-26 12:58:55,400 INFO o.a.j.e.StandardJMeterEngine: Starting ThreadGroup: 1 : Thread Group 1: Basic Load
2026-01-26 12:58:55,400 INFO o.a.j.e.StandardJMeterEngine: Starting 1 threads for group Thread Group 1: Basic Load.
2026-01-26 12:58:55,400 INFO o.a.j.e.StandardJMeterEngine: Thread will continue on error
2026-01-26 12:58:55,400 INFO o.a.j.t.ThreadGroup: Starting thread group... number=1 threads=1 ramp-up=1 delayedStart=false
2026-01-26 12:58:55,403 INFO o.a.j.t.ThreadGroup: Started thread group number 1
2026-01-26 12:58:55,404 INFO o.a.j.e.StandardJMeterEngine: Waiting for thread group: Thread Group 1: Basic Load to finish before starting next group
2026-01-26 12:58:55,405 INFO o.a.j.t.JMeterThread: Thread started: Thread Group 1: Basic Load 1-1
2026-01-26 12:58:55,418 INFO o.a.j.p.h.s.HTTPHCAbstractImpl: Local host = Zephyrus
2026-01-26 12:58:55,424 INFO o.a.j.p.h.s.HTTPHC4Impl: HTTP request retry count = 0
2026-01-26 12:58:55,425 INFO o.a.j.s.SampleResult: Note: Sample TimeStamps are START times
2026-01-26 12:58:55,425 INFO o.a.j.s.SampleResult: sampleresult.default.encoding is set to UTF-8
2026-01-26 12:58:55,425 INFO o.a.j.s.SampleResult: sampleresult.useNanoTime=true
2026-01-26 12:58:55,425 INFO o.a.j.s.SampleResult: sampleresult.nanoThreadSleep=5000
2026-01-26 12:58:55,539 INFO o.a.j.p.h.s.h.LazyLayeredConnectionSocketFactory: Setting up HTTPS TrustAll Socket Factory
2026-01-26 12:58:55,543 INFO o.a.j.u.JsseSSLManager: Using default SSL protocol: TLS
2026-01-26 12:58:55,543 INFO o.a.j.u.JsseSSLManager: SSL session context: per-thread
2026-01-26 12:58:55,624 INFO o.a.j.u.SSLManager: JmeterKeyStore Location:  type JKS
2026-01-26 12:58:55,626 INFO o.a.j.u.SSLManager: KeyStore created OK
2026-01-26 12:58:55,626 WARN o.a.j.u.SSLManager: Keystore file not found, loading empty keystore
2026-01-26 12:58:56,028 INFO o.a.j.t.JMeterThread: Thread is done: Thread Group 1: Basic Load 1-1
2026-01-26 12:58:56,028 INFO o.a.j.t.JMeterThread: Thread finished: Thread Group 1: Basic Load 1-1
2026-01-26 12:58:56,030 INFO o.a.j.e.StandardJMeterEngine: Starting ThreadGroup: 2 : Thread Group 2: Heavy Load
2026-01-26 12:58:56,030 INFO o.a.j.e.StandardJMeterEngine: Starting 1 threads for group Thread Group 2: Heavy Load.
2026-01-26 12:58:56,030 INFO o.a.j.e.StandardJMeterEngine: Thread will continue on error
2026-01-26 12:58:56,030 INFO o.a.j.t.ThreadGroup: Starting thread group... number=2 threads=1 ramp-up=1 delayedStart=false
2026-01-26 12:58:56,031 INFO o.a.j.t.ThreadGroup: Started thread group number 2
2026-01-26 12:58:56,031 INFO o.a.j.e.StandardJMeterEngine: Waiting for thread group: Thread Group 2: Heavy Load to finish before starting next group
2026-01-26 12:58:56,032 INFO o.a.j.t.JMeterThread: Thread started: Thread Group 2: Heavy Load 2-1
2026-01-26 12:59:00,879 INFO o.a.j.r.Summariser: summary +      7 in 00:00:05 =    1.3/s Avg:   770 Min:    73 Max:  1639 Err:     0 (0.00%) Active: 1 Started: 2 Finished: 1
2026-01-26 12:59:06,439 INFO o.a.j.t.JMeterThread: Stopping because end time detected by thread: Thread Group 2: Heavy Load 2-1
2026-01-26 12:59:06,439 INFO o.a.j.t.JMeterThread: Thread finished: Thread Group 2: Heavy Load 2-1
2026-01-26 12:59:06,439 INFO o.a.j.e.StandardJMeterEngine: Starting ThreadGroup: 3 : Thread Group 3: Custom Load
2026-01-26 12:59:06,439 INFO o.a.j.e.StandardJMeterEngine: Starting 1 threads for group Thread Group 3: Custom Load.
2026-01-26 12:59:06,439 INFO o.a.j.e.StandardJMeterEngine: Thread will continue on error
2026-01-26 12:59:06,439 INFO o.a.j.t.ThreadGroup: Starting thread group... number=3 threads=1 ramp-up=1 delayedStart=false
2026-01-26 12:59:06,440 INFO o.a.j.t.ThreadGroup: Started thread group number 3
2026-01-26 12:59:06,440 INFO o.a.j.e.StandardJMeterEngine: All thread groups have been started
2026-01-26 12:59:06,440 INFO o.a.j.t.JMeterThread: Thread started: Thread Group 3: Custom Load 3-1
2026-01-26 12:59:16,718 INFO o.a.j.t.JMeterThread: Stopping because end time detected by thread: Thread Group 3: Custom Load 3-1
2026-01-26 12:59:16,718 INFO o.a.j.t.JMeterThread: Thread finished: Thread Group 3: Custom Load 3-1
2026-01-26 12:59:16,718 INFO o.a.j.e.StandardJMeterEngine: Notifying test listeners of end of test
2026-01-26 12:59:16,719 INFO o.a.j.r.Summariser: summary +     24 in 00:00:16 =    1.5/s Avg:   659 Min:    69 Max:  4026 Err:     0 (0.00%) Active: 0 Started: 3 Finished: 3
2026-01-26 12:59:16,719 INFO o.a.j.r.Summariser: summary =     31 in 00:00:21 =    1.5/s Avg:   684 Min:    69 Max:  4026 Err:     0 (0.00%)
